<?xml version="1.0" ?>
<testsuite errors="0" failures="0" name="Test-20190804175807" tests="3" time="0.004">
	<testcase classname="Test" name="test_descuento_no_valido" time="0.002"/>
	<testcase classname="Test" name="test_descuento_para_mayores" time="0.001"/>
	<testcase classname="Test" name="test_nombre_casos_prueba" time="0.001"/>
	<system-out>
<![CDATA[]]>	</system-out>
	<system-err>
<![CDATA[]]>	</system-err>
</testsuite>
