<?xml version="1.0" ?>
<testsuite errors="0" failures="0" name="TestDescuentos-20190826085132" tests="11" time="0.010">
	<testcase classname="TestDescuentos" name="test_dependientes_invalidos" time="0.001"/>
	<testcase classname="TestDescuentos" name="test_edad_invalida" time="0.000"/>
	<testcase classname="TestDescuentos" name="test_validos_dos_dos" time="0.001"/>
	<testcase classname="TestDescuentos" name="test_validos_dos_tres" time="0.001"/>
	<testcase classname="TestDescuentos" name="test_validos_dos_uno_dos" time="0.001"/>
	<testcase classname="TestDescuentos" name="test_validos_dos_uno_uno" time="0.000"/>
	<testcase classname="TestDescuentos" name="test_validos_tres_dos_dos" time="0.001"/>
	<testcase classname="TestDescuentos" name="test_validos_tres_uno_uno" time="0.002"/>
	<testcase classname="TestDescuentos" name="test_validos_uno_dos" time="0.002"/>
	<testcase classname="TestDescuentos" name="test_validos_uno_uno" time="0.001"/>
	<testcase classname="TestDescuentos" name="test_valor_invalido" time="0.000"/>
	<system-out>
<![CDATA[('Descuento no valido', 0)
('Descuento no valido', 0)
('Descuento especiales', 420.0)
('No aplica', 0)
('Descuento para familias', 60.0)
('Descuento para familias', 960.0)
('Descuento para mayores de edad', 499.75)
('Descuento para mayores de edad', 1000.5)
('Descuento clientes iniciales', 156.0)
('Descuento clientes iniciales', 120.0)
('Descuento no valido', 0)
]]>	</system-out>
	<system-err>
<![CDATA[]]>	</system-err>
</testsuite>
