<?xml version="1.0" ?>
<testsuite errors="0" failures="0" name="Test-20190805002335" tests="3" time="0.003">
	<testcase classname="Test" name="test_calcular_descuento_cliente_iniciales" time="0.001"/>
	<testcase classname="Test" name="test_calcular_descuento_cliente_jovenes" time="0.001"/>
	<testcase classname="Test" name="test_nombre_casos_prueba" time="0.001"/>
	<system-out>
<![CDATA[]]>	</system-out>
	<system-err>
<![CDATA[]]>	</system-err>
</testsuite>
