<?xml version="1.0" ?>
<testsuite errors="0" failures="0" name="TestDescuentos-20190826094005" tests="13" time="0.000">
	<testcase classname="TestDescuentos" name="test_descuento1" time="0.000"/>
	<testcase classname="TestDescuentos" name="test_descuento2" time="0.000"/>
	<testcase classname="TestDescuentos" name="test_descuento_clientes1" time="0.000"/>
	<testcase classname="TestDescuentos" name="test_descuento_especiales" time="0.000"/>
	<testcase classname="TestDescuentos" name="test_descuento_familias1" time="0.000"/>
	<testcase classname="TestDescuentos" name="test_descuento_familias2" time="0.000"/>
	<testcase classname="TestDescuentos" name="test_descuento_mayores_edad1" time="0.000"/>
	<testcase classname="TestDescuentos" name="test_descuento_mayores_edad2" time="0.000"/>
	<testcase classname="TestDescuentos" name="test_descuento_no_aplica1" time="0.000"/>
	<testcase classname="TestDescuentos" name="test_descuento_no_aplica2" time="0.000"/>
	<testcase classname="TestDescuentos" name="test_descuento_no_valido1" time="0.000"/>
	<testcase classname="TestDescuentos" name="test_descuento_no_valido2" time="0.000"/>
	<testcase classname="TestDescuentos" name="test_descuento_no_valido3" time="0.000"/>
	<system-out>
<![CDATA[]]>	</system-out>
	<system-err>
<![CDATA[]]>	</system-err>
</testsuite>
