<?xml version="1.0" ?>
<testsuite errors="0" failures="0" name="TestDescuentos-20190826084633" tests="1" time="0.000">
	<testcase classname="TestDescuentos" name="test_nombre_casos_prueba" time="0.000"/>
	<system-out>
<![CDATA[]]>	</system-out>
	<system-err>
<![CDATA[]]>	</system-err>
</testsuite>
