<?xml version="1.0" ?>
<testsuite errors="0" failures="0" name="Test-20190804235446" tests="1" time="0.001">
	<testcase classname="Test" name="test_nombre_casos_prueba" time="0.001"/>
	<system-out>
<![CDATA[]]>	</system-out>
	<system-err>
<![CDATA[]]>	</system-err>
</testsuite>
