<?xml version="1.0" ?>
<testsuite errors="1" failures="0" name="TestDescuentos-20190826085017" tests="11" time="0.012">
	<testcase classname="TestDescuentos" name="test_dependientes_invalidos" time="0.003"/>
	<testcase classname="TestDescuentos" name="test_edad_invalida" time="0.001"/>
	<testcase classname="TestDescuentos" name="test_validos_dos_dos" time="0.000"/>
	<testcase classname="TestDescuentos" name="test_validos_dos_tres" time="0.001"/>
	<testcase classname="TestDescuentos" name="test_validos_dos_uno_dos" time="0.001"/>
	<testcase classname="TestDescuentos" name="test_validos_dos_uno_uno" time="0.000"/>
	<testcase classname="TestDescuentos" name="test_validos_tres_uno_uno" time="0.000"/>
	<testcase classname="TestDescuentos" name="test_validos_uno_dos" time="0.000"/>
	<testcase classname="TestDescuentos" name="test_validos_uno_uno" time="0.001"/>
	<testcase classname="TestDescuentos" name="test_valor_invalido" time="0.003"/>
	<testcase classname="TestDescuentos" name="test_validos_tres_dos_dos" time="0.002">
		<error message="Tuples differ: ('Descuento para mayores de edad', 999.5) != ('Descuento para mayores de edad', 499.75)

First differing element 1:
999.5
499.75

- ('Descuento para mayores de edad', 999.5)
?                                    ^

+ ('Descuento para mayores de edad', 499.75)
?                                    ^   +
" type="AssertionError">
<![CDATA[Traceback (most recent call last):
  File "test.py", line 111, in test_validos_tres_dos_dos
    self.assertEqual(("Descuento para mayores de edad", valor_cotizado*(0.5)), retorno)
AssertionError: Tuples differ: ('Descuento para mayores de edad', 999.5) != ('Descuento para mayores de edad', 499.75)

First differing element 1:
999.5
499.75

- ('Descuento para mayores de edad', 999.5)
?                                    ^

+ ('Descuento para mayores de edad', 499.75)
?                                    ^   +

]]>		</error>
	</testcase>
	<system-out>
<![CDATA[('Descuento no valido', 0)
('Descuento no valido', 0)
('Descuento especiales', 420.0)
('No aplica', 0)
('Descuento para familias', 60.0)
('Descuento para familias', 960.0)
('Descuento para mayores de edad', 499.75)
('Descuento para mayores de edad', 1000.5)
('Descuento clientes iniciales', 156.0)
('Descuento clientes iniciales', 120.0)
('Descuento no valido', 0)
]]>	</system-out>
	<system-err>
<![CDATA[]]>	</system-err>
</testsuite>
