<?xml version="1.0" ?>
<testsuite errors="0" failures="0" name="TestDescuentos-20190826091108" tests="13" time="0.001">
	<testcase classname="TestDescuentos" name="test_dependientes_invalidos" time="0.000"/>
	<testcase classname="TestDescuentos" name="test_edad_invalida" time="0.000"/>
	<testcase classname="TestDescuentos" name="test_validos_cuatro_dos" time="0.000"/>
	<testcase classname="TestDescuentos" name="test_validos_cuatro_uno" time="0.001"/>
	<testcase classname="TestDescuentos" name="test_validos_dos_dos" time="0.000"/>
	<testcase classname="TestDescuentos" name="test_validos_dos_tres" time="0.000"/>
	<testcase classname="TestDescuentos" name="test_validos_dos_uno_dos" time="0.000"/>
	<testcase classname="TestDescuentos" name="test_validos_dos_uno_uno" time="0.000"/>
	<testcase classname="TestDescuentos" name="test_validos_tres_dos_dos" time="0.000"/>
	<testcase classname="TestDescuentos" name="test_validos_tres_uno_uno" time="0.000"/>
	<testcase classname="TestDescuentos" name="test_validos_uno_dos" time="0.000"/>
	<testcase classname="TestDescuentos" name="test_validos_uno_uno" time="0.000"/>
	<testcase classname="TestDescuentos" name="test_valor_invalido" time="0.000"/>
	<system-out>
<![CDATA[('No aplica', 0)
]]>	</system-out>
	<system-err>
<![CDATA[]]>	</system-err>
</testsuite>
