<?xml version="1.0" ?>
<testsuite errors="7" failures="0" name="TestDescuentos-20190826090914" tests="9" time="0.010">
	<testcase classname="TestDescuentos" name="test_descuento1" time="0.000"/>
	<testcase classname="TestDescuentos" name="test_descuento_familias1" time="0.000"/>
	<testcase classname="TestDescuentos" name="test_descuento2" time="0.010">
		<error message="Lists differ: ['Descuento clientes iniciales', 160.0] != ['Descuento clientes iniciales', 120.0]

First differing element 1:
160.0
120.0

- ['Descuento clientes iniciales', 160.0]
?                                   ^

+ ['Descuento clientes iniciales', 120.0]
?                                   ^
" type="AssertionError">
<![CDATA[Traceback (most recent call last):
  File "test.py", line 32, in test_descuento2
    self.assertEqual([mensaje_obtenido,descuento_obtenido],[mensaje_esperado,descuento_esperado])
AssertionError: Lists differ: ['Descuento clientes iniciales', 160.0] != ['Descuento clientes iniciales', 120.0]

First differing element 1:
160.0
120.0

- ['Descuento clientes iniciales', 160.0]
?                                   ^

+ ['Descuento clientes iniciales', 120.0]
?                                   ^

]]>		</error>
	</testcase>
	<testcase classname="TestDescuentos" name="test_descuento_especiales" time="0.000">
		<error message="Lists differ: ['Descuento especiales', 420.0] != ['Descuento especiales', 120.0]

First differing element 1:
420.0
120.0

- ['Descuento especiales', 420.0]
?                          ^

+ ['Descuento especiales', 120.0]
?                          ^
" type="AssertionError">
<![CDATA[Traceback (most recent call last):
  File "test.py", line 59, in test_descuento_especiales
    self.assertEqual([mensaje_obtenido,descuento_obtenido],[mensaje_esperado,descuento_esperado])
AssertionError: Lists differ: ['Descuento especiales', 420.0] != ['Descuento especiales', 120.0]

First differing element 1:
420.0
120.0

- ['Descuento especiales', 420.0]
?                          ^

+ ['Descuento especiales', 120.0]
?                          ^

]]>		</error>
	</testcase>
	<testcase classname="TestDescuentos" name="test_descuento_familias2" time="0.000">
		<error message="Lists differ: ['Descuento para familias', 720.0000000000001] != ['Descuento para familias', 30.0]

First differing element 1:
720.0000000000001
30.0

- ['Descuento para familias', 720.0000000000001]
?                             ^^   ------------

+ ['Descuento para familias', 30.0]
?                             ^
" type="AssertionError">
<![CDATA[Traceback (most recent call last):
  File "test.py", line 50, in test_descuento_familias2
    self.assertEqual([mensaje_obtenido,descuento_obtenido],[mensaje_esperado,descuento_esperado])
AssertionError: Lists differ: ['Descuento para familias', 720.0000000000001] != ['Descuento para familias', 30.0]

First differing element 1:
720.0000000000001
30.0

- ['Descuento para familias', 720.0000000000001]
?                             ^^   ------------

+ ['Descuento para familias', 30.0]
?                             ^

]]>		</error>
	</testcase>
	<testcase classname="TestDescuentos" name="test_descuento_mayores_edad" time="0.000">
		<error message="Lists differ: ['Descuento para mayores de edad', 1250.0] != ['Descuento para mayores de edad', 120.0]

First differing element 1:
1250.0
120.0

- ['Descuento para mayores de edad', 1250.0]
?                                      -

+ ['Descuento para mayores de edad', 120.0]" type="AssertionError">
<![CDATA[Traceback (most recent call last):
  File "test.py", line 77, in test_descuento_mayores_edad
    self.assertEqual([mensaje_obtenido,descuento_obtenido],[mensaje_esperado,descuento_esperado])
AssertionError: Lists differ: ['Descuento para mayores de edad', 1250.0] != ['Descuento para mayores de edad', 120.0]

First differing element 1:
1250.0
120.0

- ['Descuento para mayores de edad', 1250.0]
?                                      -

+ ['Descuento para mayores de edad', 120.0]
]]>		</error>
	</testcase>
	<testcase classname="TestDescuentos" name="test_descuento_no_aplica" time="0.000">
		<error message="Lists differ: ['No aplica', 0] != ['No aplica', 120.0]

First differing element 1:
0
120.0

- ['No aplica', 0]
+ ['No aplica', 120.0]
?               ++++
" type="AssertionError">
<![CDATA[Traceback (most recent call last):
  File "test.py", line 68, in test_descuento_no_aplica
    self.assertEqual([mensaje_obtenido,descuento_obtenido],[mensaje_esperado,descuento_esperado])
AssertionError: Lists differ: ['No aplica', 0] != ['No aplica', 120.0]

First differing element 1:
0
120.0

- ['No aplica', 0]
+ ['No aplica', 120.0]
?               ++++

]]>		</error>
	</testcase>
	<testcase classname="TestDescuentos" name="test_descuento_no_valido1" time="0.000">
		<error message="Lists differ: ['Descuento no valido', 0] != ['Descuento no valido', 120.0]

First differing element 1:
0
120.0

- ['Descuento no valido', 0]
+ ['Descuento no valido', 120.0]
?                         ++++
" type="AssertionError">
<![CDATA[Traceback (most recent call last):
  File "test.py", line 88, in test_descuento_no_valido1
    self.assertEqual([mensaje_obtenido,descuento_obtenido],[mensaje_esperado,descuento_esperado])
AssertionError: Lists differ: ['Descuento no valido', 0] != ['Descuento no valido', 120.0]

First differing element 1:
0
120.0

- ['Descuento no valido', 0]
+ ['Descuento no valido', 120.0]
?                         ++++

]]>		</error>
	</testcase>
	<testcase classname="TestDescuentos" name="test_descuento_no_valido2" time="0.000">
		<error message="Lists differ: ['Descuento no valido', 0] != ['Descuento no valido', 120.0]

First differing element 1:
0
120.0

- ['Descuento no valido', 0]
+ ['Descuento no valido', 120.0]
?                         ++++
" type="AssertionError">
<![CDATA[Traceback (most recent call last):
  File "test.py", line 97, in test_descuento_no_valido2
    self.assertEqual([mensaje_obtenido,descuento_obtenido],[mensaje_esperado,descuento_esperado])
AssertionError: Lists differ: ['Descuento no valido', 0] != ['Descuento no valido', 120.0]

First differing element 1:
0
120.0

- ['Descuento no valido', 0]
+ ['Descuento no valido', 120.0]
?                         ++++

]]>		</error>
	</testcase>
	<system-out>
<![CDATA[]]>	</system-out>
	<system-err>
<![CDATA[]]>	</system-err>
</testsuite>
