<?xml version="1.0" ?>
<testsuite errors="0" failures="0" name="TestDescuentos-20190826091505" tests="1" time="0.000">
	<testcase classname="TestDescuentos" name="test_menor_edad" time="0.000"/>
	<system-out>
<![CDATA[]]>	</system-out>
	<system-err>
<![CDATA[]]>	</system-err>
</testsuite>
