<?xml version="1.0" ?>
<testsuite errors="0" failures="0" name="Test-20190805000500" tests="1" time="0.002">
	<testcase classname="Test" name="test_nombre_casos_prueba" time="0.002"/>
	<system-out>
<![CDATA[]]>	</system-out>
	<system-err>
<![CDATA[]]>	</system-err>
</testsuite>
